<?xml version="1.0" encoding="UTF-8"?>
<testng-results ignored="8" total="13" passed="2" failed="3" skipped="0">
  <reporter-output>
  </reporter-output>
  <suite started-at="2019-09-24T21:43:13Z" name="My Sprint App iOS" finished-at="2019-09-24T21:43:13Z" duration-ms="0">
    <groups>
    </groups>
  </suite> <!-- My Sprint App iOS -->
  <suite started-at="2019-09-24T21:40:55Z" name="SPRCOM_92088 My Sprint App iOS - Sales" finished-at="2019-09-24T21:43:06Z" duration-ms="130931">
    <groups>
      <group name="Login">
        <method signature="SPRCOM_106900_iOS_AO_Login.SPRCOM_106904(java.lang.String, java.lang.String, java.lang.String, java.lang.String)[pri:2, instance:SPRCOM_92080_iOS_LoginAO.SPRCOM_106900_iOS_AO_Login@18b8d173]" name="SPRCOM_106904" class="SPRCOM_92080_iOS_LoginAO.SPRCOM_106900_iOS_AO_Login"/>
        <method signature="SPRCOM_106900_iOS_ENV_MDN.SPRCOM_106902(java.lang.String, java.lang.String, java.lang.String, java.lang.String)[pri:1, instance:SPRCOM_92080_iOS_LoginAO.SPRCOM_106900_iOS_ENV_MDN@350d3f4d]" name="SPRCOM_106902" class="SPRCOM_92080_iOS_LoginAO.SPRCOM_106900_iOS_ENV_MDN"/>
        <method signature="SPRCOM_107200_LoginAO_AddNewLine_Main.SPRCOM_107202(java.lang.String, java.lang.String, java.lang.String, java.lang.String, java.lang.String, java.lang.String)[pri:2, instance:SPRCOM_92088_iOS_Sales.SPRCOM_107200_LoginAO_AddNewLine_Main@4821aa9f]" name="SPRCOM_107202" class="SPRCOM_92088_iOS_Sales.SPRCOM_107200_LoginAO_AddNewLine_Main"/>
        <method signature="SPRCOM_107200_LoginAO_Checkout_Cart.SPRCOM_107204()[pri:3, instance:SPRCOM_92088_iOS_Sales.SPRCOM_107200_LoginAO_Checkout_Cart@5f481b73]" name="SPRCOM_107204" class="SPRCOM_92088_iOS_Sales.SPRCOM_107200_LoginAO_Checkout_Cart"/>
        <method signature="SPRCOM_107200_LoginAO_UpgradeLine_Main.SPRCOM_107206(java.lang.String, java.lang.String, java.lang.String, java.lang.String, java.lang.String, java.lang.String, java.lang.String)[pri:4, instance:SPRCOM_92088_iOS_Sales.SPRCOM_107200_LoginAO_UpgradeLine_Main@32130e61]" name="SPRCOM_107206" class="SPRCOM_92088_iOS_Sales.SPRCOM_107200_LoginAO_UpgradeLine_Main"/>
      </group> <!-- Login -->
      <group name="AccountOwner">
        <method signature="SPRCOM_106900_iOS_AO_Login.SPRCOM_106904(java.lang.String, java.lang.String, java.lang.String, java.lang.String)[pri:2, instance:SPRCOM_92080_iOS_LoginAO.SPRCOM_106900_iOS_AO_Login@18b8d173]" name="SPRCOM_106904" class="SPRCOM_92080_iOS_LoginAO.SPRCOM_106900_iOS_AO_Login"/>
        <method signature="SPRCOM_106900_iOS_ENV_MDN.SPRCOM_106902(java.lang.String, java.lang.String, java.lang.String, java.lang.String)[pri:1, instance:SPRCOM_92080_iOS_LoginAO.SPRCOM_106900_iOS_ENV_MDN@350d3f4d]" name="SPRCOM_106902" class="SPRCOM_92080_iOS_LoginAO.SPRCOM_106900_iOS_ENV_MDN"/>
        <method signature="SPRCOM_107200_LoginAO_AddNewLine_Main.SPRCOM_107202(java.lang.String, java.lang.String, java.lang.String, java.lang.String, java.lang.String, java.lang.String)[pri:2, instance:SPRCOM_92088_iOS_Sales.SPRCOM_107200_LoginAO_AddNewLine_Main@4821aa9f]" name="SPRCOM_107202" class="SPRCOM_92088_iOS_Sales.SPRCOM_107200_LoginAO_AddNewLine_Main"/>
        <method signature="SPRCOM_107200_LoginAO_Checkout_Cart.SPRCOM_107204()[pri:3, instance:SPRCOM_92088_iOS_Sales.SPRCOM_107200_LoginAO_Checkout_Cart@5f481b73]" name="SPRCOM_107204" class="SPRCOM_92088_iOS_Sales.SPRCOM_107200_LoginAO_Checkout_Cart"/>
        <method signature="SPRCOM_107200_LoginAO_UpgradeLine_Main.SPRCOM_107206(java.lang.String, java.lang.String, java.lang.String, java.lang.String, java.lang.String, java.lang.String, java.lang.String)[pri:4, instance:SPRCOM_92088_iOS_Sales.SPRCOM_107200_LoginAO_UpgradeLine_Main@32130e61]" name="SPRCOM_107206" class="SPRCOM_92088_iOS_Sales.SPRCOM_107200_LoginAO_UpgradeLine_Main"/>
      </group> <!-- AccountOwner -->
    </groups>
    <test started-at="2019-09-24T21:40:55Z" name="Driver_Launch - iOS iPhone XR BETA6.18" finished-at="2019-09-24T21:41:43Z" duration-ms="48449">
      <class name="iOS_Base.DefaultPages">
        <test-method is-config="true" signature="pagesFirstLaunch()[pri:0, instance:iOS_Base.DefaultPages@2e179f3e]" started-at="2019-09-24T21:40:55Z" name="pagesFirstLaunch" finished-at="2019-09-24T21:41:43Z" duration-ms="48436" status="PASS">
          <reporter-output>
          </reporter-output>
        </test-method> <!-- pagesFirstLaunch -->
      </class> <!-- iOS_Base.DefaultPages -->
    </test> <!-- Driver_Launch - iOS iPhone XR BETA6.18 -->
    <test started-at="2019-09-24T21:41:44Z" name="SPRCOM_106900_iOS_Login_AO" finished-at="2019-09-24T21:42:08Z" duration-ms="24487">
      <class name="SPRCOM_92080_iOS_LoginAO.SPRCOM_106900_iOS_AO_Login">
        <test-method signature="SPRCOM_106904(java.lang.String, java.lang.String, java.lang.String, java.lang.String)[pri:2, instance:SPRCOM_92080_iOS_LoginAO.SPRCOM_106900_iOS_AO_Login@18b8d173]" started-at="2019-09-24T21:41:56Z" name="SPRCOM_106904" data-provider="AccountOwner" finished-at="2019-09-24T21:42:08Z" duration-ms="11162" status="PASS">
          <params>
            <param index="0">
              <value>
                <![CDATA[st2]]>
              </value>
            </param>
            <param index="1">
              <value>
                <![CDATA[3369549079]]>
              </value>
            </param>
            <param index="2">
              <value>
                <![CDATA[TWREG-59003]]>
              </value>
            </param>
            <param index="3">
              <value>
                <![CDATA[T3stM3.P1s]]>
              </value>
            </param>
          </params>
          <reporter-output>
          </reporter-output>
        </test-method> <!-- SPRCOM_106904 -->
      </class> <!-- SPRCOM_92080_iOS_LoginAO.SPRCOM_106900_iOS_AO_Login -->
      <class name="SPRCOM_92080_iOS_LoginAO.SPRCOM_106900_iOS_ENV_MDN">
        <test-method signature="SPRCOM_106902(java.lang.String, java.lang.String, java.lang.String, java.lang.String)[pri:1, instance:SPRCOM_92080_iOS_LoginAO.SPRCOM_106900_iOS_ENV_MDN@350d3f4d]" started-at="2019-09-24T21:41:44Z" name="SPRCOM_106902" data-provider="AccountOwner" finished-at="2019-09-24T21:41:55Z" duration-ms="11855" status="PASS">
          <params>
            <param index="0">
              <value>
                <![CDATA[st2]]>
              </value>
            </param>
            <param index="1">
              <value>
                <![CDATA[3369549079]]>
              </value>
            </param>
            <param index="2">
              <value>
                <![CDATA[TWREG-59003]]>
              </value>
            </param>
            <param index="3">
              <value>
                <![CDATA[T3stM3.P1s]]>
              </value>
            </param>
          </params>
          <reporter-output>
          </reporter-output>
        </test-method> <!-- SPRCOM_106902 -->
      </class> <!-- SPRCOM_92080_iOS_LoginAO.SPRCOM_106900_iOS_ENV_MDN -->
    </test> <!-- SPRCOM_106900_iOS_Login_AO -->
    <test started-at="2019-09-24T21:42:08Z" name="SPRCOM_107100_iOS_LoginAO_Sales" finished-at="2019-09-24T21:43:06Z" duration-ms="57748">
      <class name="SPRCOM_92088_iOS_Sales.SPRCOM_107200_LoginAO_AddNewLine_Main">
        <test-method is-config="true" signature="setUp(java.lang.String, java.lang.String, java.lang.String, java.lang.String)[pri:0, instance:SPRCOM_92088_iOS_Sales.SPRCOM_107200_LoginAO_AddNewLine_Main@4821aa9f]" started-at="2019-09-24T21:40:09Z" name="setUp" finished-at="2019-09-24T21:40:55Z" duration-ms="46209" status="PASS">
          <params>
            <param index="0">
              <value>
                <![CDATA[https://sprintappfiles.s3.amazonaws.com/SprintBeta.zip]]>
              </value>
            </param>
            <param index="1">
              <value>
                <![CDATA[iPhone XR]]>
              </value>
            </param>
            <param index="2">
              <value>
                <![CDATA[12.2]]>
              </value>
            </param>
            <param index="3">
              <value>
                <![CDATA[4713]]>
              </value>
            </param>
          </params>
          <reporter-output>
          </reporter-output>
        </test-method> <!-- setUp -->
        <test-method signature="SPRCOM_107202(java.lang.String, java.lang.String, java.lang.String, java.lang.String, java.lang.String, java.lang.String)[pri:2, instance:SPRCOM_92088_iOS_Sales.SPRCOM_107200_LoginAO_AddNewLine_Main@4821aa9f]" started-at="2019-09-24T21:42:08Z" name="SPRCOM_107202" data-provider="DeviceOption" finished-at="2019-09-24T21:42:30Z" duration-ms="22398" status="FAIL">
          <params>
            <param index="0">
              <value>
                <![CDATA[Phones]]>
              </value>
            </param>
            <param index="1">
              <value>
                <![CDATA[Apple]]>
              </value>
            </param>
            <param index="2">
              <value>
                <![CDATA[Apple iPhone XR]]>
              </value>
            </param>
            <param index="3">
              <value>
                <![CDATA[Lease]]>
              </value>
            </param>
            <param index="4">
              <value>
                <![CDATA[Unlimited]]>
              </value>
            </param>
            <param index="5">
              <value>
                <![CDATA[Add protection]]>
              </value>
            </param>
          </params>
          <exception class="java.lang.AssertionError">
            <message>
              <![CDATA[null]]>
            </message>
            <full-stacktrace>
              <![CDATA[java.lang.AssertionError: null
at org.testng.Assert.fail(Assert.java:96)
at org.testng.Assert.fail(Assert.java:103)
at Util.iOS_Driver_Methods.assertFail(iOS_Driver_Methods.java:366)
at Util.iOS_Driver_Methods.findByAccessibilityID_Click(iOS_Driver_Methods.java:55)
at SPRCOM_92088_iOS_Sales.SPRCOM_107200_LoginAO_AddNewLine_Main.SPRCOM_107202_Step3(SPRCOM_107200_LoginAO_AddNewLine_Main.java:59)
at SPRCOM_92088_iOS_Sales.SPRCOM_107200_LoginAO_AddNewLine_Main.SPRCOM_107202(SPRCOM_107200_LoginAO_AddNewLine_Main.java:27)
at java.base/jdk.internal.reflect.NativeMethodAccessorImpl.invoke0(Native Method)
at java.base/jdk.internal.reflect.NativeMethodAccessorImpl.invoke(NativeMethodAccessorImpl.java:62)
at java.base/jdk.internal.reflect.DelegatingMethodAccessorImpl.invoke(DelegatingMethodAccessorImpl.java:43)
at java.base/java.lang.reflect.Method.invoke(Method.java:566)
at org.testng.internal.MethodInvocationHelper.invokeMethod(MethodInvocationHelper.java:124)
at org.testng.internal.Invoker.invokeMethod(Invoker.java:583)
at org.testng.internal.Invoker.invokeTestMethod(Invoker.java:719)
at org.testng.internal.Invoker.invokeTestMethods(Invoker.java:989)
at org.testng.internal.TestMethodWorker.invokeTestMethods(TestMethodWorker.java:125)
at org.testng.internal.TestMethodWorker.run(TestMethodWorker.java:109)
at org.testng.TestRunner.privateRun(TestRunner.java:648)
at org.testng.TestRunner.run(TestRunner.java:505)
at org.testng.SuiteRunner.runTest(SuiteRunner.java:455)
at org.testng.SuiteRunner.runSequentially(SuiteRunner.java:450)
at org.testng.SuiteRunner.privateRun(SuiteRunner.java:415)
at org.testng.SuiteRunner.run(SuiteRunner.java:364)
at org.testng.SuiteRunnerWorker.runSuite(SuiteRunnerWorker.java:52)
at org.testng.SuiteRunnerWorker.run(SuiteRunnerWorker.java:84)
at org.testng.TestNG.runSuitesSequentially(TestNG.java:1208)
at org.testng.TestNG.runSuitesSequentially(TestNG.java:1204)
at org.testng.TestNG.runSuitesLocally(TestNG.java:1137)
at org.testng.TestNG.runSuites(TestNG.java:1049)
at org.testng.TestNG.run(TestNG.java:1017)
at org.apache.maven.surefire.testng.TestNGExecutor.run(TestNGExecutor.java:283)
at org.apache.maven.surefire.testng.TestNGXmlTestSuite.execute(TestNGXmlTestSuite.java:75)
at org.apache.maven.surefire.testng.TestNGProvider.invoke(TestNGProvider.java:120)
at org.apache.maven.surefire.booter.ForkedBooter.invokeProviderInSameClassLoader(ForkedBooter.java:386)
at org.apache.maven.surefire.booter.ForkedBooter.runSuitesInProcess(ForkedBooter.java:323)
at org.apache.maven.surefire.booter.ForkedBooter.main(ForkedBooter.java:143)
]]>
            </full-stacktrace>
          </exception> <!-- java.lang.AssertionError -->
          <reporter-output>
          </reporter-output>
        </test-method> <!-- SPRCOM_107202 -->
        <test-method is-config="true" signature="tearDown()[pri:0, instance:SPRCOM_92088_iOS_Sales.SPRCOM_107200_LoginAO_AddNewLine_Main@4821aa9f]" started-at="2019-09-24T21:43:06Z" name="tearDown" finished-at="2019-09-24T21:43:13Z" duration-ms="6668" status="PASS">
          <reporter-output>
          </reporter-output>
        </test-method> <!-- tearDown -->
      </class> <!-- SPRCOM_92088_iOS_Sales.SPRCOM_107200_LoginAO_AddNewLine_Main -->
      <class name="SPRCOM_92088_iOS_Sales.SPRCOM_107200_LoginAO_UpgradeLine_Main">
        <test-method signature="SPRCOM_107206(java.lang.String, java.lang.String, java.lang.String, java.lang.String, java.lang.String, java.lang.String, java.lang.String)[pri:4, instance:SPRCOM_92088_iOS_Sales.SPRCOM_107200_LoginAO_UpgradeLine_Main@32130e61]" started-at="2019-09-24T21:42:54Z" name="SPRCOM_107206" data-provider="DeviceOption" finished-at="2019-09-24T21:43:05Z" duration-ms="11022" status="FAIL">
          <params>
            <param index="0">
              <value>
                <![CDATA[Phones]]>
              </value>
            </param>
            <param index="1">
              <value>
                <![CDATA[Apple]]>
              </value>
            </param>
            <param index="2">
              <value>
                <![CDATA[Apple iPhone XR]]>
              </value>
            </param>
            <param index="3">
              <value>
                <![CDATA[Lease]]>
              </value>
            </param>
            <param index="4">
              <value>
                <![CDATA[Unlimited Savings Plan]]>
              </value>
            </param>
            <param index="5">
              <value>
                <![CDATA[Add protection]]>
              </value>
            </param>
            <param index="6">
              <value>
                <![CDATA[Buy this phone]]>
              </value>
            </param>
          </params>
          <exception class="java.lang.AssertionError">
            <message>
              <![CDATA[null]]>
            </message>
            <full-stacktrace>
              <![CDATA[java.lang.AssertionError: null
at org.testng.Assert.fail(Assert.java:96)
at org.testng.Assert.fail(Assert.java:103)
at Util.iOS_Driver_Methods.assertFail(iOS_Driver_Methods.java:366)
at SPRCOM_92088_iOS_Sales.SPRCOM_107200_LoginAO_UpgradeLine_Main.SPRCOM_107206_Step_Extra(SPRCOM_107200_LoginAO_UpgradeLine_Main.java:51)
at SPRCOM_92088_iOS_Sales.SPRCOM_107200_LoginAO_UpgradeLine_Main.SPRCOM_107206(SPRCOM_107200_LoginAO_UpgradeLine_Main.java:25)
at java.base/jdk.internal.reflect.NativeMethodAccessorImpl.invoke0(Native Method)
at java.base/jdk.internal.reflect.NativeMethodAccessorImpl.invoke(NativeMethodAccessorImpl.java:62)
at java.base/jdk.internal.reflect.DelegatingMethodAccessorImpl.invoke(DelegatingMethodAccessorImpl.java:43)
at java.base/java.lang.reflect.Method.invoke(Method.java:566)
at org.testng.internal.MethodInvocationHelper.invokeMethod(MethodInvocationHelper.java:124)
at org.testng.internal.Invoker.invokeMethod(Invoker.java:583)
at org.testng.internal.Invoker.invokeTestMethod(Invoker.java:719)
at org.testng.internal.Invoker.invokeTestMethods(Invoker.java:989)
at org.testng.internal.TestMethodWorker.invokeTestMethods(TestMethodWorker.java:125)
at org.testng.internal.TestMethodWorker.run(TestMethodWorker.java:109)
at org.testng.TestRunner.privateRun(TestRunner.java:648)
at org.testng.TestRunner.run(TestRunner.java:505)
at org.testng.SuiteRunner.runTest(SuiteRunner.java:455)
at org.testng.SuiteRunner.runSequentially(SuiteRunner.java:450)
at org.testng.SuiteRunner.privateRun(SuiteRunner.java:415)
at org.testng.SuiteRunner.run(SuiteRunner.java:364)
at org.testng.SuiteRunnerWorker.runSuite(SuiteRunnerWorker.java:52)
at org.testng.SuiteRunnerWorker.run(SuiteRunnerWorker.java:84)
at org.testng.TestNG.runSuitesSequentially(TestNG.java:1208)
at org.testng.TestNG.runSuitesSequentially(TestNG.java:1204)
at org.testng.TestNG.runSuitesLocally(TestNG.java:1137)
at org.testng.TestNG.runSuites(TestNG.java:1049)
at org.testng.TestNG.run(TestNG.java:1017)
at org.apache.maven.surefire.testng.TestNGExecutor.run(TestNGExecutor.java:283)
at org.apache.maven.surefire.testng.TestNGXmlTestSuite.execute(TestNGXmlTestSuite.java:75)
at org.apache.maven.surefire.testng.TestNGProvider.invoke(TestNGProvider.java:120)
at org.apache.maven.surefire.booter.ForkedBooter.invokeProviderInSameClassLoader(ForkedBooter.java:386)
at org.apache.maven.surefire.booter.ForkedBooter.runSuitesInProcess(ForkedBooter.java:323)
at org.apache.maven.surefire.booter.ForkedBooter.main(ForkedBooter.java:143)
]]>
            </full-stacktrace>
          </exception> <!-- java.lang.AssertionError -->
          <reporter-output>
          </reporter-output>
        </test-method> <!-- SPRCOM_107206 -->
      </class> <!-- SPRCOM_92088_iOS_Sales.SPRCOM_107200_LoginAO_UpgradeLine_Main -->
      <class name="SPRCOM_92088_iOS_Sales.SPRCOM_107200_LoginAO_Checkout_Cart">
        <test-method signature="SPRCOM_107204()[pri:3, instance:SPRCOM_92088_iOS_Sales.SPRCOM_107200_LoginAO_Checkout_Cart@5f481b73]" started-at="2019-09-24T21:42:31Z" name="SPRCOM_107204" finished-at="2019-09-24T21:42:53Z" duration-ms="22263" status="FAIL">
          <exception class="java.lang.AssertionError">
            <message>
              <![CDATA[null]]>
            </message>
            <full-stacktrace>
              <![CDATA[java.lang.AssertionError: null
at org.testng.Assert.fail(Assert.java:96)
at org.testng.Assert.fail(Assert.java:103)
at Util.iOS_Driver_Methods.assertFail(iOS_Driver_Methods.java:370)
at SPRCOM_92088_iOS_Sales.SPRCOM_107200_LoginAO_Checkout_Cart.SPRCOM_107204_Step2(SPRCOM_107200_LoginAO_Checkout_Cart.java:51)
at SPRCOM_92088_iOS_Sales.SPRCOM_107200_LoginAO_Checkout_Cart.SPRCOM_107204(SPRCOM_107200_LoginAO_Checkout_Cart.java:23)
at java.base/jdk.internal.reflect.NativeMethodAccessorImpl.invoke0(Native Method)
at java.base/jdk.internal.reflect.NativeMethodAccessorImpl.invoke(NativeMethodAccessorImpl.java:62)
at java.base/jdk.internal.reflect.DelegatingMethodAccessorImpl.invoke(DelegatingMethodAccessorImpl.java:43)
at java.base/java.lang.reflect.Method.invoke(Method.java:566)
at org.testng.internal.MethodInvocationHelper.invokeMethod(MethodInvocationHelper.java:124)
at org.testng.internal.Invoker.invokeMethod(Invoker.java:583)
at org.testng.internal.Invoker.invokeTestMethod(Invoker.java:719)
at org.testng.internal.Invoker.invokeTestMethods(Invoker.java:989)
at org.testng.internal.TestMethodWorker.invokeTestMethods(TestMethodWorker.java:125)
at org.testng.internal.TestMethodWorker.run(TestMethodWorker.java:109)
at org.testng.TestRunner.privateRun(TestRunner.java:648)
at org.testng.TestRunner.run(TestRunner.java:505)
at org.testng.SuiteRunner.runTest(SuiteRunner.java:455)
at org.testng.SuiteRunner.runSequentially(SuiteRunner.java:450)
at org.testng.SuiteRunner.privateRun(SuiteRunner.java:415)
at org.testng.SuiteRunner.run(SuiteRunner.java:364)
at org.testng.SuiteRunnerWorker.runSuite(SuiteRunnerWorker.java:52)
at org.testng.SuiteRunnerWorker.run(SuiteRunnerWorker.java:84)
at org.testng.TestNG.runSuitesSequentially(TestNG.java:1208)
at org.testng.TestNG.runSuitesSequentially(TestNG.java:1204)
at org.testng.TestNG.runSuitesLocally(TestNG.java:1137)
at org.testng.TestNG.runSuites(TestNG.java:1049)
at org.testng.TestNG.run(TestNG.java:1017)
at org.apache.maven.surefire.testng.TestNGExecutor.run(TestNGExecutor.java:283)
at org.apache.maven.surefire.testng.TestNGXmlTestSuite.execute(TestNGXmlTestSuite.java:75)
at org.apache.maven.surefire.testng.TestNGProvider.invoke(TestNGProvider.java:120)
at org.apache.maven.surefire.booter.ForkedBooter.invokeProviderInSameClassLoader(ForkedBooter.java:386)
at org.apache.maven.surefire.booter.ForkedBooter.runSuitesInProcess(ForkedBooter.java:323)
at org.apache.maven.surefire.booter.ForkedBooter.main(ForkedBooter.java:143)
]]>
            </full-stacktrace>
          </exception> <!-- java.lang.AssertionError -->
          <reporter-output>
          </reporter-output>
        </test-method> <!-- SPRCOM_107204 -->
      </class> <!-- SPRCOM_92088_iOS_Sales.SPRCOM_107200_LoginAO_Checkout_Cart -->
    </test> <!-- SPRCOM_107100_iOS_LoginAO_Sales -->
  </suite> <!-- SPRCOM_92088 My Sprint App iOS - Sales -->
</testng-results>
