<?xml version="1.0" encoding="UTF-8"?>
<testsuite xmlns:xsi="http://www.w3.org/2001/XMLSchema-instance" xsi:noNamespaceSchemaLocation="https://maven.apache.org/surefire/maven-surefire-plugin/xsd/surefire-test-report.xsd" name="TestSuite" time="185.211" tests="5" errors="0" skipped="0" failures="3">
  <properties>
    <property name="gopherProxySet" value="false"/>
    <property name="awt.toolkit" value="sun.lwawt.macosx.LWCToolkit"/>
    <property name="java.specification.version" value="11"/>
    <property name="sun.cpu.isalist" value=""/>
    <property name="sun.jnu.encoding" value="UTF-8"/>
    <property name="java.class.path" value="/Applications/IntelliJ IDEA CE.app/Contents/plugins/maven/lib/maven3/boot/plexus-classworlds-2.5.2.jar"/>
    <property name="java.vm.vendor" value="Oracle Corporation"/>
    <property name="sun.arch.data.model" value="64"/>
    <property name="java.vendor.url" value="http://java.oracle.com/"/>
    <property name="user.timezone" value="America/Chicago"/>
    <property name="os.name" value="Mac OS X"/>
    <property name="java.vm.specification.version" value="11"/>
    <property name="sun.java.launcher" value="SUN_STANDARD"/>
    <property name="user.country" value="US"/>
    <property name="sun.boot.library.path" value="/Library/Java/JavaVirtualMachines/jdk-11.0.3.jdk/Contents/Home/lib"/>
    <property name="sun.java.command" value="org.codehaus.classworlds.Launcher -Didea.version2019.1.3 test"/>
    <property name="http.nonProxyHosts" value="local|*.local|169.254/16|*.169.254/16"/>
    <property name="jdk.debug" value="release"/>
    <property name="maven.home" value="/Applications/IntelliJ IDEA CE.app/Contents/plugins/maven/lib/maven3"/>
    <property name="sun.cpu.endian" value="little"/>
    <property name="user.home" value="/Users/mj621194"/>
    <property name="user.language" value="en"/>
    <property name="java.specification.vendor" value="Oracle Corporation"/>
    <property name="java.version.date" value="2019-04-16"/>
    <property name="java.home" value="/Library/Java/JavaVirtualMachines/jdk-11.0.3.jdk/Contents/Home"/>
    <property name="file.separator" value="/"/>
    <property name="java.vm.compressedOopsMode" value="Zero based"/>
    <property name="line.separator" value="&#10;"/>
    <property name="java.specification.name" value="Java Platform API Specification"/>
    <property name="java.vm.specification.vendor" value="Oracle Corporation"/>
    <property name="java.awt.graphicsenv" value="sun.awt.CGraphicsEnvironment"/>
    <property name="sun.management.compiler" value="HotSpot 64-Bit Tiered Compilers"/>
    <property name="ftp.nonProxyHosts" value="local|*.local|169.254/16|*.169.254/16"/>
    <property name="java.runtime.version" value="11.0.3+12-LTS"/>
    <property name="user.name" value="mj621194"/>
    <property name="path.separator" value=":"/>
    <property name="os.version" value="10.14.6"/>
    <property name="java.runtime.name" value="Java(TM) SE Runtime Environment"/>
    <property name="file.encoding" value="UTF-8"/>
    <property name="guice.disable.misplaced.annotation.check" value="true"/>
    <property name="java.vm.name" value="Java HotSpot(TM) 64-Bit Server VM"/>
    <property name="java.vendor.version" value="18.9"/>
    <property name="java.vendor.url.bug" value="http://bugreport.java.com/bugreport/"/>
    <property name="java.io.tmpdir" value="/var/folders/7b/yjpc59h12051_zk5zpmx3lcw0000gq/T/"/>
    <property name="java.version" value="11.0.3"/>
    <property name="user.dir" value="/Users/mj621194/Documents/git_max/MobileApp_MySprint_iOS"/>
    <property name="os.arch" value="x86_64"/>
    <property name="maven.multiModuleProjectDirectory" value="/Users/mj621194/Documents/git_max/MobileApp_MySprint_iOS"/>
    <property name="java.vm.specification.name" value="Java Virtual Machine Specification"/>
    <property name="java.awt.printerjob" value="sun.lwawt.macosx.CPrinterJob"/>
    <property name="idea.version2019.1.3" value="true"/>
    <property name="sun.os.patch.level" value="unknown"/>
    <property name="java.library.path" value="/Users/mj621194/Library/Java/Extensions:/Library/Java/Extensions:/Network/Library/Java/Extensions:/System/Library/Java/Extensions:/usr/lib/java:."/>
    <property name="java.vendor" value="Oracle Corporation"/>
    <property name="java.vm.info" value="mixed mode"/>
    <property name="java.vm.version" value="11.0.3+12-LTS"/>
    <property name="classworlds.conf" value="/Applications/IntelliJ IDEA CE.app/Contents/plugins/maven/lib/maven3/bin/m2.conf"/>
    <property name="sun.io.unicode.encoding" value="UnicodeBig"/>
    <property name="java.class.version" value="55.0"/>
    <property name="socksNonProxyHosts" value="local|*.local|169.254/16|*.169.254/16"/>
  </properties>
  <testcase name="SPRCOM_106902" classname="SPRCOM_92080_iOS_LoginAO.SPRCOM_106900_iOS_ENV_MDN" time="11.715"/>
  <testcase name="SPRCOM_106904" classname="SPRCOM_92080_iOS_LoginAO.SPRCOM_106900_iOS_AO_Login" time="10.805"/>
  <testcase name="SPRCOM_107202" classname="SPRCOM_92088_iOS_Sales.SPRCOM_107200_LoginAO_AddNewLine_Main" time="22.205">
    <failure type="java.lang.AssertionError:">java.lang.AssertionError: null
	at SPRCOM_92088_iOS_Sales.SPRCOM_107200_LoginAO_AddNewLine_Main.SPRCOM_107202_Step3(SPRCOM_107200_LoginAO_AddNewLine_Main.java:59)
	at SPRCOM_92088_iOS_Sales.SPRCOM_107200_LoginAO_AddNewLine_Main.SPRCOM_107202(SPRCOM_107200_LoginAO_AddNewLine_Main.java:27)
</failure>
    <system-out><![CDATA[LISTENER: onFinish Test - SPRCOM_106900_iOS_Login_AO
PASSED: SPRCOM_106902("st2", "3369549079", "TWREG-59003", "T3stM3.P1s")
PASSED: SPRCOM_106904("st2", "3369549079", "TWREG-59003", "T3stM3.P1s")

===============================================
    SPRCOM_106900_iOS_Login_AO
    Tests run: 2, Failures: 0, Skips: 0
===============================================

LISTENER: onStart Test - SPRCOM_107100_iOS_LoginAO_Sales
LISTENER: The Test -SPRCOM_107202- is Starting
LISTENER: Test failed ... SPRCOM_107202 --- org.testng.TestRunner@591e5fd4
]]></system-out>
  </testcase>
  <testcase name="SPRCOM_107204" classname="SPRCOM_92088_iOS_Sales.SPRCOM_107200_LoginAO_Checkout_Cart" time="21.916">
    <failure type="java.lang.AssertionError:">java.lang.AssertionError: null
	at SPRCOM_92088_iOS_Sales.SPRCOM_107200_LoginAO_Checkout_Cart.SPRCOM_107204_Step2(SPRCOM_107200_LoginAO_Checkout_Cart.java:51)
	at SPRCOM_92088_iOS_Sales.SPRCOM_107200_LoginAO_Checkout_Cart.SPRCOM_107204(SPRCOM_107200_LoginAO_Checkout_Cart.java:23)
</failure>
    <system-out><![CDATA[LISTENER: The Test -SPRCOM_107204- is Starting
LISTENER: Test failed ... SPRCOM_107204 --- org.testng.TestRunner@591e5fd4
]]></system-out>
  </testcase>
  <testcase name="SPRCOM_107206" classname="SPRCOM_92088_iOS_Sales.SPRCOM_107200_LoginAO_UpgradeLine_Main" time="10.829">
    <failure type="java.lang.AssertionError:">java.lang.AssertionError: null
	at SPRCOM_92088_iOS_Sales.SPRCOM_107200_LoginAO_UpgradeLine_Main.SPRCOM_107206_Step_Extra(SPRCOM_107200_LoginAO_UpgradeLine_Main.java:51)
	at SPRCOM_92088_iOS_Sales.SPRCOM_107200_LoginAO_UpgradeLine_Main.SPRCOM_107206(SPRCOM_107200_LoginAO_UpgradeLine_Main.java:25)
</failure>
    <system-out><![CDATA[LISTENER: The Test -SPRCOM_107206- is Starting
LISTENER: Test failed ... SPRCOM_107206 --- org.testng.TestRunner@591e5fd4
]]></system-out>
  </testcase>
</testsuite>